2019-11-08 20:57:27.265 parsl.dataflow.dflow:83 [DEBUG]  Starting DataFlowKernel with config
Config(
    app_cache=True, 
    checkpoint_files=None, 
    checkpoint_mode=None, 
    checkpoint_period=None, 
    data_management_max_threads=10, 
    executors=[ThreadPoolExecutor(
        label='threads', 
        managed=True, 
        max_threads=2, 
        storage_access=None, 
        thread_name_prefix='', 
        working_dir=None
    )], 
    initialize_logging=True, 
    lazy_errors=True, 
    max_idletime=120.0, 
    monitoring=None, 
    retries=0, 
    run_dir='runinfo', 
    strategy='simple', 
    usage_tracking=False
)
2019-11-08 20:57:27.265 parsl.dataflow.dflow:84 [INFO]  Parsl version: 0.9.0
2019-11-08 20:57:27.265 parsl.dataflow.usage_tracking.usage:126 [DEBUG]  Tracking status: False
2019-11-08 20:57:27.265 parsl.dataflow.usage_tracking.usage:127 [DEBUG]  Testing mode   : False
2019-11-08 20:57:27.265 parsl.dataflow.dflow:110 [INFO]  Run id is: 4ebfd7b1-4203-4da0-8006-64f2cabff47e
2019-11-08 20:57:27.316 parsl.dataflow.memoization:52 [INFO]  App caching initialized
2019-11-08 20:57:27.316 parsl.dataflow.strategy:125 [DEBUG]  Scaling strategy: simple
2019-11-08 20:57:27.317 parsl.dataflow.dflow:484 [DEBUG]  Adding output dependencies
2019-11-08 20:57:27.317 parsl.dataflow.dflow:708 [INFO]  Task 0 submitted for App app_double, waiting on tasks []
2019-11-08 20:57:27.317 parsl.dataflow.dflow:714 [DEBUG]  Task 0 set to pending state with AppFuture: <AppFuture super=<AppFuture at 0x7f0197347940 state=pending>>
2019-11-08 20:57:27.318 parsl.dataflow.dflow:452 [INFO]  Task 0 launched on executor threads
2019-11-08 20:57:27.318 parsl.dataflow.dflow:288 [INFO]  Task 0 completed
2019-11-08 20:57:27.318 parsl.dataflow.dflow:484 [DEBUG]  Adding output dependencies
2019-11-08 20:57:27.318 parsl.dataflow.dflow:708 [INFO]  Task 1 submitted for App app_double, waiting on tasks []
2019-11-08 20:57:27.318 parsl.dataflow.dflow:714 [DEBUG]  Task 1 set to pending state with AppFuture: <AppFuture super=<AppFuture at 0x7f0197347dd8 state=pending>>
2019-11-08 20:57:27.319 parsl.dataflow.dflow:452 [INFO]  Task 1 launched on executor threads
2019-11-08 20:57:27.319 parsl.dataflow.dflow:288 [INFO]  Task 1 completed
2019-11-08 20:57:27.319 parsl.dataflow.dflow:484 [DEBUG]  Adding output dependencies
2019-11-08 20:57:27.319 parsl.dataflow.dflow:708 [INFO]  Task 2 submitted for App app_double, waiting on tasks []
2019-11-08 20:57:27.319 parsl.dataflow.dflow:714 [DEBUG]  Task 2 set to pending state with AppFuture: <AppFuture super=<AppFuture at 0x7f01972bc0b8 state=pending>>
2019-11-08 20:57:27.319 parsl.dataflow.dflow:452 [INFO]  Task 2 launched on executor threads
2019-11-08 20:57:27.319 parsl.dataflow.dflow:484 [DEBUG]  Adding output dependencies
2019-11-08 20:57:27.319 parsl.dataflow.dflow:708 [INFO]  Task 3 submitted for App app_double, waiting on tasks []
2019-11-08 20:57:27.319 parsl.dataflow.dflow:714 [DEBUG]  Task 3 set to pending state with AppFuture: <AppFuture super=<AppFuture at 0x7f01972bc320 state=pending>>
2019-11-08 20:57:27.320 parsl.dataflow.dflow:452 [INFO]  Task 3 launched on executor threads
2019-11-08 20:57:27.320 parsl.dataflow.dflow:484 [DEBUG]  Adding output dependencies
2019-11-08 20:57:27.320 parsl.dataflow.dflow:288 [INFO]  Task 2 completed
2019-11-08 20:57:27.320 parsl.dataflow.dflow:288 [INFO]  Task 3 completed
2019-11-08 20:57:27.320 parsl.dataflow.dflow:708 [INFO]  Task 4 submitted for App app_double, waiting on tasks []
2019-11-08 20:57:27.320 parsl.dataflow.dflow:714 [DEBUG]  Task 4 set to pending state with AppFuture: <AppFuture super=<AppFuture at 0x7f01972bc4e0 state=pending>>
2019-11-08 20:57:27.321 parsl.dataflow.dflow:452 [INFO]  Task 4 launched on executor threads
2019-11-08 20:57:27.321 parsl.dataflow.dflow:484 [DEBUG]  Adding output dependencies
2019-11-08 20:57:27.321 parsl.dataflow.dflow:288 [INFO]  Task 4 completed
2019-11-08 20:57:27.321 parsl.dataflow.dflow:708 [INFO]  Task 5 submitted for App app_double, waiting on tasks []
2019-11-08 20:57:27.321 parsl.dataflow.dflow:714 [DEBUG]  Task 5 set to pending state with AppFuture: <AppFuture super=<AppFuture at 0x7f01972bc4a8 state=pending>>
2019-11-08 20:57:27.321 parsl.dataflow.dflow:452 [INFO]  Task 5 launched on executor threads
2019-11-08 20:57:27.321 parsl.dataflow.dflow:288 [INFO]  Task 5 completed
2019-11-08 20:57:27.321 parsl.dataflow.dflow:484 [DEBUG]  Adding output dependencies
2019-11-08 20:57:27.321 parsl.dataflow.dflow:708 [INFO]  Task 6 submitted for App app_double, waiting on tasks []
2019-11-08 20:57:27.321 parsl.dataflow.dflow:714 [DEBUG]  Task 6 set to pending state with AppFuture: <AppFuture super=<AppFuture at 0x7f01972bc2e8 state=pending>>
2019-11-08 20:57:27.321 parsl.dataflow.dflow:452 [INFO]  Task 6 launched on executor threads
2019-11-08 20:57:27.322 parsl.dataflow.dflow:288 [INFO]  Task 6 completed
2019-11-08 20:57:27.322 parsl.dataflow.dflow:484 [DEBUG]  Adding output dependencies
2019-11-08 20:57:27.322 parsl.dataflow.dflow:708 [INFO]  Task 7 submitted for App app_double, waiting on tasks []
2019-11-08 20:57:27.322 parsl.dataflow.dflow:714 [DEBUG]  Task 7 set to pending state with AppFuture: <AppFuture super=<AppFuture at 0x7f01972bc828 state=pending>>
2019-11-08 20:57:27.322 parsl.dataflow.dflow:452 [INFO]  Task 7 launched on executor threads
2019-11-08 20:57:27.322 parsl.dataflow.dflow:288 [INFO]  Task 7 completed
2019-11-08 20:57:27.322 parsl.dataflow.dflow:484 [DEBUG]  Adding output dependencies
2019-11-08 20:57:27.323 parsl.dataflow.dflow:708 [INFO]  Task 8 submitted for App app_double, waiting on tasks []
2019-11-08 20:57:27.323 parsl.dataflow.dflow:714 [DEBUG]  Task 8 set to pending state with AppFuture: <AppFuture super=<AppFuture at 0x7f01972bc978 state=pending>>
2019-11-08 20:57:27.323 parsl.dataflow.dflow:452 [INFO]  Task 8 launched on executor threads
2019-11-08 20:57:27.323 parsl.dataflow.dflow:484 [DEBUG]  Adding output dependencies
2019-11-08 20:57:27.323 parsl.dataflow.dflow:708 [INFO]  Task 9 submitted for App app_double, waiting on tasks []
2019-11-08 20:57:27.323 parsl.dataflow.dflow:714 [DEBUG]  Task 9 set to pending state with AppFuture: <AppFuture super=<AppFuture at 0x7f01972bcac8 state=pending>>
2019-11-08 20:57:27.323 parsl.dataflow.dflow:288 [INFO]  Task 8 completed
2019-11-08 20:57:27.323 parsl.dataflow.dflow:452 [INFO]  Task 9 launched on executor threads
2019-11-08 20:57:27.323 parsl.dataflow.dflow:288 [INFO]  Task 9 completed
2019-11-08 20:57:27.324 parsl.dataflow.dflow:864 [INFO]  DFK cleanup initiated
2019-11-08 20:57:27.324 parsl.dataflow.dflow:750 [INFO]  Summary of tasks in DFK:
2019-11-08 20:57:27.324 parsl.dataflow.dflow:781 [INFO]  Tasks in state States.done: 0, 1, 2, 3, 4, 5, 6, 7, 8, 9
2019-11-08 20:57:27.324 parsl.dataflow.dflow:788 [INFO]  End of summary
2019-11-08 20:57:27.324 parsl.dataflow.dflow:888 [INFO]  Terminating flow_control and strategy threads
2019-11-08 20:57:27.324 parsl.executors.threads:96 [DEBUG]  Done with executor shutdown
2019-11-08 20:57:27.324 parsl.executors.threads:96 [DEBUG]  Done with executor shutdown
2019-11-08 20:57:27.324 parsl.dataflow.dflow:920 [INFO]  DFK cleanup complete
